2020-04-17 18:51:47 [main] INFO  by.epam.BookSpace.dao.DAO - Создан объект для работы с FileReaderDAO
2020-04-17 18:51:52 [main] INFO  by.epam.BookSpace.dao.DAO - Создан объект для работы с FileAdminDAO
2020-04-17 18:51:52 [main] INFO  by.epam.BookSpace.dao.DAO - Возвращен список администраторов
2020-04-17 18:51:52 [main] INFO  by.epam.BookSpace.dao.DAO - Возвращен администратор с login=admin
2020-04-17 18:51:55 [main] INFO  by.epam.BookSpace.dao.DAO - Создан объект для работы с FileReaderDAO
2020-04-17 18:51:55 [main] ERROR by.epam.BookSpace.dao.DAO - java.io.FileNotFoundException: data/users.dat (No such file or directory)
2020-04-17 18:51:55 [main] INFO  by.epam.BookSpace.dao.DAO - Возвращен список пользователей
2020-04-17 18:51:57 [main] INFO  by.epam.BookSpace.dao.DAO - Создан объект для работы с FileReaderDAO
2020-04-17 18:51:59 [main] INFO  by.epam.BookSpace.dao.DAO - Создан объект для работы с FileReaderDAO
2020-04-17 19:09:42 [main] INFO  by.epam.BookSpace.dao.DAO - Создан объект для работы с FileReaderDAO
2020-04-17 19:09:47 [main] INFO  by.epam.BookSpace.dao.DAO - Создан объект для работы с FileAdminDAO
2020-04-17 19:09:47 [main] INFO  by.epam.BookSpace.dao.DAO - Возвращен список администраторов
2020-04-17 19:09:47 [main] INFO  by.epam.BookSpace.dao.DAO - Возвращен администратор с login=admin
2020-04-17 19:10:03 [main] INFO  by.epam.BookSpace.dao.DAO - Создан объект для работы с FileAdminDAO
2020-04-17 19:10:03 [main] INFO  by.epam.BookSpace.dao.DAO - Возвращен список администраторов
2020-04-17 19:10:40 [main] INFO  by.epam.BookSpace.dao.DAO - Создан объект для работы с FileAdminDAO
2020-04-17 19:10:47 [main] INFO  by.epam.BookSpace.services.Service - Ошибка! В функцию передано значение null
2020-04-17 19:10:56 [main] INFO  by.epam.BookSpace.dao.DAO - Создан объект для работы с FileAdminDAO
2020-04-17 19:11:01 [main] INFO  by.epam.BookSpace.dao.DAO - Создан объект для работы с FileAdminDAO
2020-04-17 19:11:01 [main] INFO  by.epam.BookSpace.dao.DAO - Создан объект для работы с FileReaderDAO
2020-04-17 19:11:10 [main] INFO  by.epam.BookSpace.dao.DAO - Создан объект для работы с FileAdminDAO
2020-04-17 19:11:10 [main] INFO  by.epam.BookSpace.dao.DAO - Создан объект для работы с FileReaderDAO
2020-04-17 19:11:40 [main] INFO  by.epam.BookSpace.dao.DAO - Создан объект для работы с FileAdminDAO
2020-04-17 19:12:04 [main] INFO  by.epam.BookSpace.dao.DAO - Создан объект для работы с FileStatisticsDAO
2020-04-17 19:12:08 [main] INFO  by.epam.BookSpace.dao.DAO - Создан объект для работы с FileAuthorDAO
2020-04-17 19:12:08 [main] ERROR by.epam.BookSpace.dao.DAO - java.io.FileNotFoundException: data/authors.dat (No such file or directory)
2020-04-17 19:12:08 [main] INFO  by.epam.BookSpace.dao.DAO - Возвращен список авторов
2020-04-17 19:12:11 [main] INFO  by.epam.BookSpace.dao.DAO - Создан объект для работы с FileAuthorDAO
2020-04-17 19:12:19 [main] ERROR by.epam.BookSpace.dao.DAO - java.io.FileNotFoundException: data/authors.dat (No such file or directory)
2020-04-17 19:12:19 [main] INFO  by.epam.BookSpace.dao.DAO - Возвращен список авторов
2020-04-17 19:12:19 [main] INFO  by.epam.BookSpace.dao.DAO - Добавлен автор с id=48c009f5-8420-40a9-bd00-f16d9e77d47c
2020-04-17 19:12:20 [main] INFO  by.epam.BookSpace.dao.DAO - Создан объект для работы с FileAuthorDAO
2020-04-17 19:12:20 [main] INFO  by.epam.BookSpace.dao.DAO - Возвращен список авторов
2020-04-17 19:12:24 [main] INFO  by.epam.BookSpace.dao.DAO - Создан объект для работы с FileAuthorDAO
2020-04-17 19:12:32 [main] INFO  by.epam.BookSpace.dao.DAO - Создан объект для работы с FileBookDAO
2020-04-17 19:13:25 [main] INFO  by.epam.BookSpace.dao.DAO - Создан объект для работы с FileSeriesDAO
2020-04-17 19:13:25 [main] INFO  by.epam.BookSpace.dao.DAO - Создан объект для работы с FileAuthorDAO
2020-04-17 19:13:25 [main] INFO  by.epam.BookSpace.dao.DAO - Возвращен список авторов
2020-04-17 19:13:25 [main] INFO  by.epam.BookSpace.dao.DAO - Возвращен автор с id=48c009f5-8420-40a9-bd00-f16d9e77d47c
2020-04-17 19:13:25 [main] ERROR by.epam.BookSpace.dao.DAO - java.io.FileNotFoundException: data/books.dat (No such file or directory)
2020-04-17 19:13:25 [main] INFO  by.epam.BookSpace.dao.DAO - Возвращен список книг
2020-04-17 19:13:25 [main] INFO  by.epam.BookSpace.dao.DAO - Добавлена книга с id=4aeeb63f-0d2a-4293-9872-7fde53e6aa0c
2020-04-17 19:13:27 [main] INFO  by.epam.BookSpace.dao.DAO - Создан объект для работы с FileBookDAO
2020-04-17 19:13:27 [main] INFO  by.epam.BookSpace.dao.DAO - Возвращен список книг
2020-04-17 19:13:37 [main] INFO  by.epam.BookSpace.dao.DAO - Создан объект для работы с FileBookDAO
2020-04-17 19:13:42 [main] INFO  by.epam.BookSpace.dao.DAO - Создан объект для работы с FileStatisticsDAO
2020-04-17 19:14:55 [main] INFO  by.epam.BookSpace.dao.DAO - Создан объект для работы с FileBookDAO
2020-04-17 19:14:55 [main] INFO  by.epam.BookSpace.dao.DAO - Возвращен список книг
2020-04-17 19:14:55 [main] INFO  by.epam.BookSpace.dao.DAO - Возвращена книга с id=4aeeb63f-0d2a-4293-9872-7fde53e6aa0c
2020-04-17 19:14:55 [main] ERROR by.epam.BookSpace.dao.DAO - java.io.FileNotFoundException: data/statistics.dat (No such file or directory)
2020-04-17 19:14:55 [main] INFO  by.epam.BookSpace.dao.DAO - Возвращен список статистик книг
2020-04-17 19:14:55 [main] INFO  by.epam.BookSpace.dao.DAO - Добавлена статистика для книги с id=4aeeb63f-0d2a-4293-9872-7fde53e6aa0c
2020-04-17 19:14:55 [main] INFO  by.epam.BookSpace.dao.DAO - Создан объект для работы с FileCommentDAO
2020-04-17 19:14:55 [main] ERROR by.epam.BookSpace.dao.DAO - java.io.FileNotFoundException: data/comments.dat (No such file or directory)
2020-04-17 19:14:55 [main] INFO  by.epam.BookSpace.dao.DAO - Возвращен список комментариев
2020-04-17 19:14:55 [main] INFO  by.epam.BookSpace.dao.DAO - Возвращен список статистик книг
2020-04-17 19:14:55 [main] INFO  by.epam.BookSpace.dao.DAO - Статистика для книги с id=4aeeb63f-0d2a-4293-9872-7fde53e6aa0c изменена
2020-04-17 19:14:57 [main] INFO  by.epam.BookSpace.dao.DAO - Создан объект для работы с FileStatisticsDAO
2020-04-17 19:14:57 [main] INFO  by.epam.BookSpace.dao.DAO - Возвращен список статистик книг
2020-04-17 19:15:06 [main] INFO  by.epam.BookSpace.dao.DAO - Создан объект для работы с FileStatisticsDAO
2020-04-17 19:15:14 [main] INFO  by.epam.BookSpace.dao.DAO - Создан объект для работы с FileBookDAO
2020-04-17 19:15:24 [main] INFO  by.epam.BookSpace.dao.DAO - Возвращен список книг
2020-04-17 19:15:24 [main] INFO  by.epam.BookSpace.dao.DAO - Возвращена книга с id=4aeeb63f-0d2a-4293-9872-7fde53e6aa0c
2020-04-17 19:15:24 [main] INFO  by.epam.BookSpace.dao.DAO - Создан объект для работы с FileStatisticsDAO
2020-04-17 19:15:24 [main] INFO  by.epam.BookSpace.dao.DAO - Возвращен список статистик книг
2020-04-17 19:15:24 [main] INFO  by.epam.BookSpace.dao.DAO - Возвращена статистика для книги с id=4aeeb63f-0d2a-4293-9872-7fde53e6aa0c
2020-04-17 19:15:24 [main] INFO  by.epam.BookSpace.dao.DAO - Возвращен список статистик книг
2020-04-17 19:15:24 [main] INFO  by.epam.BookSpace.dao.DAO - Статистика для книги с id=4aeeb63f-0d2a-4293-9872-7fde53e6aa0c изменена
2020-04-17 19:15:28 [main] INFO  by.epam.BookSpace.dao.DAO - Создан объект для работы с FileBookDAO
2020-04-17 19:15:33 [main] INFO  by.epam.BookSpace.dao.DAO - Создан объект для работы с FileStatisticsDAO
2020-04-17 19:15:33 [main] INFO  by.epam.BookSpace.dao.DAO - Возвращен список статистик книг
2020-04-17 19:15:52 [main] INFO  by.epam.BookSpace.dao.DAO - Создан объект для работы с FileStatisticsDAO
2020-04-17 19:49:11 [main] INFO  by.epam.BookSpace.dao.DAO - Создан объект для работы с FileReaderDAO
2020-04-17 19:49:16 [main] INFO  by.epam.BookSpace.dao.DAO - Создан объект для работы с FileAdminDAO
2020-04-17 19:49:16 [main] INFO  by.epam.BookSpace.dao.DAO - Возвращен список администраторов
2020-04-17 19:49:16 [main] INFO  by.epam.BookSpace.dao.DAO - Возвращен администратор с login=admin
2020-04-17 19:49:22 [main] INFO  by.epam.BookSpace.dao.DAO - Создан объект для работы с FileAdminDAO
2020-04-17 19:49:22 [main] INFO  by.epam.BookSpace.dao.DAO - Возвращен список администраторов
2020-04-17 19:49:28 [main] ERROR by.epam.BookSpace.utils.Parser - java.lang.NumberFormatException: For input string: ""
2020-04-17 19:49:28 [main] INFO  by.epam.BookSpace.dao.DAO - Создан объект для работы с FileAdminDAO
2020-04-17 19:49:28 [main] INFO  by.epam.BookSpace.dao.DAO - Создан объект для работы с FileAdminDAO
2020-04-17 19:49:33 [main] INFO  by.epam.BookSpace.dao.DAO - Возвращен список администраторов
